<?xml version="1.0" encoding="UTF-8"?>
<coverage generated="1755659148195" clover="3.2.0">
  <project timestamp="1755659148196" name="All files">
    <metrics statements="30" coveredstatements="24" conditionals="4" coveredconditionals="3" methods="12" coveredmethods="7" elements="46" coveredelements="34" complexity="0" loc="30" ncloc="30" packages="2" files="8" classes="8"/>
    <package name="components">
      <metrics statements="11" coveredstatements="11" conditionals="4" coveredconditionals="3" methods="5" coveredmethods="5"/>
      <file name="Contact.jsx" path="D:\Nameste_react2.1\foodapp\src\components\Contact.jsx">
        <metrics statements="2" coveredstatements="2" conditionals="0" coveredconditionals="0" methods="1" coveredmethods="1"/>
        <line num="3" count="1" type="stmt"/>
        <line num="4" count="3" type="stmt"/>
      </file>
      <file name="Header.jsx" path="D:\Nameste_react2.1\foodapp\src\components\Header.jsx">
        <metrics statements="7" coveredstatements="7" conditionals="4" coveredconditionals="3" methods="3" coveredmethods="3"/>
        <line num="8" count="1" type="stmt"/>
        <line num="9" count="4" type="stmt"/>
        <line num="11" count="4" type="stmt"/>
        <line num="13" count="4" type="stmt"/>
        <line num="15" count="6" type="stmt"/>
        <line num="17" count="4" type="stmt"/>
        <line num="47" count="2" type="cond" truecount="2" falsecount="0"/>
      </file>
      <file name="sum.js" path="D:\Nameste_react2.1\foodapp\src\components\sum.js">
        <metrics statements="2" coveredstatements="2" conditionals="0" coveredconditionals="0" methods="1" coveredmethods="1"/>
        <line num="1" count="1" type="stmt"/>
        <line num="2" count="1" type="stmt"/>
      </file>
    </package>
    <package name="utils">
      <metrics statements="19" coveredstatements="13" conditionals="0" coveredconditionals="0" methods="7" coveredmethods="2"/>
      <file name="appStore.jsx" path="D:\Nameste_react2.1\foodapp\src\utils\appStore.jsx">
        <metrics statements="1" coveredstatements="1" conditionals="0" coveredconditionals="0" methods="0" coveredmethods="0"/>
        <line num="4" count="1" type="stmt"/>
      </file>
      <file name="cartSlice.jsx" path="D:\Nameste_react2.1\foodapp\src\utils\cartSlice.jsx">
        <metrics statements="6" coveredstatements="2" conditionals="0" coveredconditionals="0" methods="3" coveredmethods="0"/>
        <line num="3" count="1" type="stmt"/>
        <line num="10" count="0" type="stmt"/>
        <line num="13" count="0" type="stmt"/>
        <line num="16" count="0" type="stmt"/>
        <line num="17" count="0" type="stmt"/>
        <line num="22" count="1" type="stmt"/>
      </file>
      <file name="contants.js" path="D:\Nameste_react2.1\foodapp\src\utils\contants.js">
        <metrics statements="3" coveredstatements="3" conditionals="0" coveredconditionals="0" methods="0" coveredmethods="0"/>
        <line num="1" count="1" type="stmt"/>
        <line num="2" count="1" type="stmt"/>
        <line num="3" count="1" type="stmt"/>
      </file>
      <file name="useOnlineStatus.js" path="D:\Nameste_react2.1\foodapp\src\utils\useOnlineStatus.js">
        <metrics statements="8" coveredstatements="6" conditionals="0" coveredconditionals="0" methods="4" coveredmethods="2"/>
        <line num="3" count="1" type="stmt"/>
        <line num="4" count="4" type="stmt"/>
        <line num="6" count="4" type="stmt"/>
        <line num="7" count="2" type="stmt"/>
        <line num="8" count="0" type="stmt"/>
        <line num="10" count="2" type="stmt"/>
        <line num="11" count="0" type="stmt"/>
        <line num="15" count="4" type="stmt"/>
      </file>
      <file name="userContext.js" path="D:\Nameste_react2.1\foodapp\src\utils\userContext.js">
        <metrics statements="1" coveredstatements="1" conditionals="0" coveredconditionals="0" methods="0" coveredmethods="0"/>
        <line num="3" count="1" type="stmt"/>
      </file>
    </package>
  </project>
</coverage>
