{"D:\\Nameste_react2.1\\foodapp\\src\\components\\Contact.jsx": {"path":"D:\\Nameste_react2.1\\foodapp\\src\\components\\Contact.jsx","statementMap":{"0":{"start":{"line":3,"column":16},"end":{"line":27,"column":1}},"1":{"start":{"line":4,"column":2},"end":{"line":26,"column":3}}},"fnMap":{"0":{"name":"(anonymous_0)","decl":{"start":{"line":3,"column":16},"end":{"line":3,"column":17}},"loc":{"start":{"line":3,"column":22},"end":{"line":27,"column":1}},"line":3}},"branchMap":{},"s":{"0":1,"1":3},"f":{"0":3},"b":{},"_coverageSchema":"1a1c01bbd47fc00a2c39e90264f33305004495a9","hash":"292f707e55589eb7d2a0aa581b02f1f6cc3b57e5"}
,"D:\\Nameste_react2.1\\foodapp\\src\\components\\Header.jsx": {"path":"D:\\Nameste_react2.1\\foodapp\\src\\components\\Header.jsx","statementMap":{"0":{"start":{"line":8,"column":15},"end":{"line":59,"column":1}},"1":{"start":{"line":9,"column":32},"end":{"line":9,"column":49}},"2":{"start":{"line":11,"column":23},"end":{"line":11,"column":40}},"3":{"start":{"line":13,"column":27},"end":{"line":13,"column":50}},"4":{"start":{"line":15,"column":19},"end":{"line":15,"column":59}},"5":{"start":{"line":15,"column":42},"end":{"line":15,"column":58}},"6":{"start":{"line":17,"column":2},"end":{"line":58,"column":4}},"7":{"start":{"line":47,"column":16},"end":{"line":47,"column":80}}},"fnMap":{"0":{"name":"(anonymous_0)","decl":{"start":{"line":8,"column":15},"end":{"line":8,"column":16}},"loc":{"start":{"line":8,"column":21},"end":{"line":59,"column":1}},"line":8},"1":{"name":"(anonymous_1)","decl":{"start":{"line":15,"column":31},"end":{"line":15,"column":32}},"loc":{"start":{"line":15,"column":42},"end":{"line":15,"column":58}},"line":15},"2":{"name":"(anonymous_2)","decl":{"start":{"line":46,"column":23},"end":{"line":46,"column":24}},"loc":{"start":{"line":46,"column":29},"end":{"line":48,"column":15}},"line":46}},"branchMap":{"0":{"loc":{"start":{"line":47,"column":16},"end":{"line":47,"column":79}},"type":"cond-expr","locations":[{"start":{"line":47,"column":37},"end":{"line":47,"column":57}},{"start":{"line":47,"column":60},"end":{"line":47,"column":79}}],"line":47},"1":{"loc":{"start":{"line":53,"column":15},"end":{"line":53,"column":58}},"type":"cond-expr","locations":[{"start":{"line":53,"column":38},"end":{"line":53,"column":46}},{"start":{"line":53,"column":49},"end":{"line":53,"column":58}}],"line":53}},"s":{"0":1,"1":4,"2":4,"3":4,"4":4,"5":6,"6":4,"7":2},"f":{"0":4,"1":6,"2":2},"b":{"0":[1,1],"1":[4,0]},"_coverageSchema":"1a1c01bbd47fc00a2c39e90264f33305004495a9","hash":"2910f2013e8da5b8b01180e586cc67517fce3ffb"}
,"D:\\Nameste_react2.1\\foodapp\\src\\components\\sum.js": {"path":"D:\\Nameste_react2.1\\foodapp\\src\\components\\sum.js","statementMap":{"0":{"start":{"line":1,"column":17},"end":{"line":3,"column":1}},"1":{"start":{"line":2,"column":4},"end":{"line":2,"column":14}}},"fnMap":{"0":{"name":"(anonymous_0)","decl":{"start":{"line":1,"column":17},"end":{"line":1,"column":18}},"loc":{"start":{"line":1,"column":24},"end":{"line":3,"column":1}},"line":1}},"branchMap":{},"s":{"0":1,"1":1},"f":{"0":1},"b":{},"_coverageSchema":"1a1c01bbd47fc00a2c39e90264f33305004495a9","hash":"a5c1b1c6c23939301c14daf15e55c736866b4a48"}
,"D:\\Nameste_react2.1\\foodapp\\src\\utils\\appStore.jsx": {"path":"D:\\Nameste_react2.1\\foodapp\\src\\utils\\appStore.jsx","statementMap":{"0":{"start":{"line":4,"column":21},"end":{"line":8,"column":2}}},"fnMap":{},"branchMap":{},"s":{"0":1},"f":{},"b":{},"_coverageSchema":"1a1c01bbd47fc00a2c39e90264f33305004495a9","hash":"9ddd600b07b26b055d9dc441c27f353ddcd6b46d"}
,"D:\\Nameste_react2.1\\foodapp\\src\\utils\\cartSlice.jsx": {"path":"D:\\Nameste_react2.1\\foodapp\\src\\utils\\cartSlice.jsx","statementMap":{"0":{"start":{"line":3,"column":18},"end":{"line":20,"column":2}},"1":{"start":{"line":10,"column":6},"end":{"line":10,"column":39}},"2":{"start":{"line":13,"column":6},"end":{"line":13,"column":24}},"3":{"start":{"line":16,"column":6},"end":{"line":16,"column":25}},"4":{"start":{"line":17,"column":6},"end":{"line":17,"column":29}},"5":{"start":{"line":22,"column":50},"end":{"line":22,"column":67}}},"fnMap":{"0":{"name":"(anonymous_0)","decl":{"start":{"line":9,"column":13},"end":{"line":9,"column":14}},"loc":{"start":{"line":9,"column":32},"end":{"line":11,"column":5}},"line":9},"1":{"name":"(anonymous_1)","decl":{"start":{"line":12,"column":16},"end":{"line":12,"column":17}},"loc":{"start":{"line":12,"column":27},"end":{"line":14,"column":5}},"line":12},"2":{"name":"(anonymous_2)","decl":{"start":{"line":15,"column":15},"end":{"line":15,"column":16}},"loc":{"start":{"line":15,"column":26},"end":{"line":18,"column":5}},"line":15}},"branchMap":{},"s":{"0":1,"1":0,"2":0,"3":0,"4":0,"5":1},"f":{"0":0,"1":0,"2":0},"b":{},"_coverageSchema":"1a1c01bbd47fc00a2c39e90264f33305004495a9","hash":"bea868ce0f3a447b2a17b1cb00ad02fa9862bc1d"}
,"D:\\Nameste_react2.1\\foodapp\\src\\utils\\contants.js": {"path":"D:\\Nameste_react2.1\\foodapp\\src\\utils\\contants.js","statementMap":{"0":{"start":{"line":1,"column":15},"end":{"line":1,"column":141}},"1":{"start":{"line":2,"column":14},"end":{"line":2,"column":97}},"2":{"start":{"line":3,"column":10},"end":{"line":3,"column":148}}},"fnMap":{},"branchMap":{},"s":{"0":1,"1":1,"2":1},"f":{},"b":{},"_coverageSchema":"1a1c01bbd47fc00a2c39e90264f33305004495a9","hash":"725503b3902e7bf7b32a8efd75de1bc10ed8ff3c"}
,"D:\\Nameste_react2.1\\foodapp\\src\\utils\\useOnlineStatus.js": {"path":"D:\\Nameste_react2.1\\foodapp\\src\\utils\\useOnlineStatus.js","statementMap":{"0":{"start":{"line":3,"column":24},"end":{"line":16,"column":1}},"1":{"start":{"line":4,"column":42},"end":{"line":4,"column":56}},"2":{"start":{"line":6,"column":2},"end":{"line":13,"column":9}},"3":{"start":{"line":7,"column":4},"end":{"line":9,"column":7}},"4":{"start":{"line":8,"column":6},"end":{"line":8,"column":27}},"5":{"start":{"line":10,"column":5},"end":{"line":12,"column":7}},"6":{"start":{"line":11,"column":6},"end":{"line":11,"column":28}},"7":{"start":{"line":15,"column":2},"end":{"line":15,"column":22}}},"fnMap":{"0":{"name":"(anonymous_0)","decl":{"start":{"line":3,"column":24},"end":{"line":3,"column":25}},"loc":{"start":{"line":3,"column":30},"end":{"line":16,"column":1}},"line":3},"1":{"name":"(anonymous_1)","decl":{"start":{"line":6,"column":12},"end":{"line":6,"column":13}},"loc":{"start":{"line":6,"column":18},"end":{"line":13,"column":3}},"line":6},"2":{"name":"(anonymous_2)","decl":{"start":{"line":7,"column":38},"end":{"line":7,"column":39}},"loc":{"start":{"line":7,"column":44},"end":{"line":9,"column":5}},"line":7},"3":{"name":"(anonymous_3)","decl":{"start":{"line":10,"column":40},"end":{"line":10,"column":41}},"loc":{"start":{"line":10,"column":46},"end":{"line":12,"column":5}},"line":10}},"branchMap":{},"s":{"0":1,"1":4,"2":4,"3":2,"4":0,"5":2,"6":0,"7":4},"f":{"0":4,"1":2,"2":0,"3":0},"b":{},"_coverageSchema":"1a1c01bbd47fc00a2c39e90264f33305004495a9","hash":"934798049eac50eaeb0f0e253dd7d378d1e4e03b"}
,"D:\\Nameste_react2.1\\foodapp\\src\\utils\\userContext.js": {"path":"D:\\Nameste_react2.1\\foodapp\\src\\utils\\userContext.js","statementMap":{"0":{"start":{"line":3,"column":18},"end":{"line":5,"column":2}}},"fnMap":{},"branchMap":{},"s":{"0":1},"f":{},"b":{},"_coverageSchema":"1a1c01bbd47fc00a2c39e90264f33305004495a9","hash":"aa5f06b5697ed7e42d6814a0802e7654cbfbd2d0"}
}
